[debug] [2023-06-11T07:27:58.009Z] ----------------------------------------------------------------------
[debug] [2023-06-11T07:27:58.011Z] Command:       /home/gitpod/.nvm/versions/node/v18.16.0/bin/node /home/gitpod/.nvm/versions/node/v18.16.0/bin/firebase login
[debug] [2023-06-11T07:27:58.012Z] CLI Version:   12.3.1
[debug] [2023-06-11T07:27:58.012Z] Platform:      linux
[debug] [2023-06-11T07:27:58.012Z] Node Version:  v18.16.0
[debug] [2023-06-11T07:27:58.012Z] Time:          Sun Jun 11 2023 07:27:58 GMT+0000 (GMT)
[debug] [2023-06-11T07:27:58.013Z] ----------------------------------------------------------------------
[debug] 
[debug] [2023-06-11T07:27:58.015Z] >>> [apiv2][query] GET https://firebase-public.firebaseio.com/cli.json [none]
[info] i  Firebase optionally collects CLI and Emulator Suite usage and error reporting information to help improve our products. Data is collected in accordance with Google's privacy policy (https://policies.google.com/privacy) and is not used to identify you.
 
[debug] [2023-06-11T07:27:58.300Z] <<< [apiv2][status] GET https://firebase-public.firebaseio.com/cli.json 200
[debug] [2023-06-11T07:27:58.301Z] <<< [apiv2][body] GET https://firebase-public.firebaseio.com/cli.json {"cloudBuildErrorAfter":1594252800000,"cloudBuildWarnAfter":1590019200000,"defaultNode10After":1594252800000,"minVersion":"3.0.5","node8DeploysDisabledAfter":1613390400000,"node8RuntimeDisabledAfter":1615809600000,"node8WarnAfter":1600128000000}
[info] i  To change your data collection preference at any time, run `firebase logout` and log in again. 
[info] 
[info] Visit this URL on this device to log in:
[info] https://accounts.google.com/o/oauth2/auth?client_id=563584335869-fgrhgmd47bqnekij5i8b5pr03ho849e6.apps.googleusercontent.com&scope=email%20openid%20https%3A%2F%2Fwww.googleapis.com%2Fauth%2Fcloudplatformprojects.readonly%20https%3A%2F%2Fwww.googleapis.com%2Fauth%2Ffirebase%20https%3A%2F%2Fwww.googleapis.com%2Fauth%2Fcloud-platform&response_type=code&state=150023196&redirect_uri=http%3A%2F%2Flocalhost%3A9005
[info] 
[info] Waiting for authentication...
[debug] [2023-06-11T07:35:22.383Z] ----------------------------------------------------------------------
[debug] [2023-06-11T07:35:22.384Z] Command:       /home/gitpod/.nvm/versions/node/v18.16.0/bin/node /home/gitpod/.nvm/versions/node/v18.16.0/bin/firebase login
[debug] [2023-06-11T07:35:22.385Z] CLI Version:   12.3.1
[debug] [2023-06-11T07:35:22.385Z] Platform:      linux
[debug] [2023-06-11T07:35:22.385Z] Node Version:  v18.16.0
[debug] [2023-06-11T07:35:22.386Z] Time:          Sun Jun 11 2023 07:35:22 GMT+0000 (GMT)
[debug] [2023-06-11T07:35:22.386Z] ----------------------------------------------------------------------
[debug] 
[info] i  Firebase optionally collects CLI and Emulator Suite usage and error reporting information to help improve our products. Data is collected in accordance with Google's privacy policy (https://policies.google.com/privacy) and is not used to identify you.
 
[info] i  To change your data collection preference at any time, run `firebase logout` and log in again. 
[info] 
[info] Visit this URL on this device to log in:
[info] https://accounts.google.com/o/oauth2/auth?client_id=563584335869-fgrhgmd47bqnekij5i8b5pr03ho849e6.apps.googleusercontent.com&scope=email%20openid%20https%3A%2F%2Fwww.googleapis.com%2Fauth%2Fcloudplatformprojects.readonly%20https%3A%2F%2Fwww.googleapis.com%2Fauth%2Ffirebase%20https%3A%2F%2Fwww.googleapis.com%2Fauth%2Fcloud-platform&response_type=code&state=143519153&redirect_uri=http%3A%2F%2Flocalhost%3A9006
[info] 
[info] Waiting for authentication...
